<?xml version="1.0" encoding="UTF-8" ?>
<testsuite tests="6" failures="0" name="vending.VendingMachineTest" time="0.017" errors="0" skipped="0">
  <properties>
    <property name="java.runtime.name" value="OpenJDK Runtime Environment"/>
    <property name="sun.boot.library.path" value="C:\Program Files\Java\RH-OpenJDK-1.8.0.222\jre\bin"/>
    <property name="java.vm.version" value="25.222-b10"/>
    <property name="java.vm.vendor" value=""/>
    <property name="maven.multiModuleProjectDirectory" value="C:\development\IdeaProjects\vending-machine"/>
    <property name="java.vendor.url" value="http://java.oracle.com/"/>
    <property name="path.separator" value=";"/>
    <property name="guice.disable.misplaced.annotation.check" value="true"/>
    <property name="java.vm.name" value="OpenJDK 64-Bit Server VM"/>
    <property name="file.encoding.pkg" value="sun.io"/>
    <property name="user.script" value=""/>
    <property name="user.country" value="GB"/>
    <property name="sun.java.launcher" value="SUN_STANDARD"/>
    <property name="sun.os.patch.level" value=""/>
    <property name="java.vm.specification.name" value="Java Virtual Machine Specification"/>
    <property name="user.dir" value="C:\development\IdeaProjects\vending-machine"/>
    <property name="java.runtime.version" value="1.8.0_222-4-redhat-b10"/>
    <property name="java.awt.graphicsenv" value="sun.awt.Win32GraphicsEnvironment"/>
    <property name="java.endorsed.dirs" value="C:\Program Files\Java\RH-OpenJDK-1.8.0.222\jre\lib\endorsed"/>
    <property name="os.arch" value="amd64"/>
    <property name="java.io.tmpdir" value="C:\Users\dsanja\AppData\Local\Temp\"/>
    <property name="line.separator" value="
"/>
    <property name="java.vm.specification.vendor" value="Oracle Corporation"/>
    <property name="user.variant" value=""/>
    <property name="os.name" value="Windows 10"/>
    <property name="maven.ext.class.path" value="C:\Program Files (x86)\JetBrains\IntelliJ IDEA 2019.3.4\plugins\maven\lib\maven-event-listener.jar"/>
    <property name="classworlds.conf" value="C:\Program Files (x86)\JetBrains\IntelliJ IDEA 2019.3.4\plugins\maven\lib\maven3\bin\m2.conf"/>
    <property name="sun.jnu.encoding" value="Cp1252"/>
    <property name="java.library.path" value="C:\Program Files\Java\RH-OpenJDK-1.8.0.222\bin;C:\windows\Sun\Java\bin;C:\windows\system32;C:\windows;C:\Program Files (x86)\Common Files\Oracle\Java\javapath;C:\Perl64\bin;C:\windows\system32;C:\windows;C:\windows\System32\Wbem;C:\windows\System32\WindowsPowerShell\v1.0\;C:\windows\System32\OpenSSH\;C:\windows\syswow64;C:\Program Files (x86)\Webex\Webex\Applications;C:\Program Files\VanDyke Software\ClientPack\;C:\Program Files (x86)\Sennheiser\SoftphoneSDK\;C:\Program Files\Python37\Scripts;C:\Program Files\Python37\;C:\opscode\chefdk\bin\;C:\Program Files\Git\cmd;C:\Program Files\PolicyPak\;C:\Perl64\bin;C:\windows\system32;C:\windows;C:\windows\System32\Wbem;C:\windows\System32\WindowsPowerShell\v1.0\;C:\windows\System32\OpenSSH\;C:\Program Files\PolicyPak\;C:\windows\syswow64;C:\Program Files (x86)\Webex\Webex\Applications;C:\Program Files\VanDyke Software\ClientPack\;C:\Program Files (x86)\Sennheiser\SoftphoneSDK\;C:\Program Files\Python37\Scripts;C:\Program Files\Python37\;C:\Program Files\Git\cmd;;C:\Program Files\Java\jdk1.8.0_241\bin;C:\development\softwares\cf-cli_6.46.1_winx64;."/>
    <property name="maven.conf" value="C:\Program Files (x86)\JetBrains\IntelliJ IDEA 2019.3.4\plugins\maven\lib\maven3/conf"/>
    <property name="java.specification.name" value="Java Platform API Specification"/>
    <property name="java.class.version" value="52.0"/>
    <property name="sun.management.compiler" value="HotSpot 64-Bit Tiered Compilers"/>
    <property name="idea.version2019.3.4" value="true"/>
    <property name="os.version" value="10.0"/>
    <property name="user.home" value="C:\Users\dsanja"/>
    <property name="user.timezone" value="Europe/London"/>
    <property name="java.awt.printerjob" value="sun.awt.windows.WPrinterJob"/>
    <property name="java.specification.version" value="1.8"/>
    <property name="file.encoding" value="UTF-8"/>
    <property name="user.name" value="dsanja"/>
    <property name="java.class.path" value="C:\Program Files (x86)\JetBrains\IntelliJ IDEA 2019.3.4\plugins\maven\lib\maven3\boot\plexus-classworlds-2.6.0.jar;C:\Program Files (x86)\JetBrains\IntelliJ IDEA 2019.3.4\lib\idea_rt.jar"/>
    <property name="java.vm.specification.version" value="1.8"/>
    <property name="sun.arch.data.model" value="64"/>
    <property name="java.home" value="C:\Program Files\Java\RH-OpenJDK-1.8.0.222\jre"/>
    <property name="sun.java.command" value="org.codehaus.classworlds.Launcher -Didea.version2019.3.4 package"/>
    <property name="java.specification.vendor" value="Oracle Corporation"/>
    <property name="user.language" value="en"/>
    <property name="awt.toolkit" value="sun.awt.windows.WToolkit"/>
    <property name="java.vm.info" value="mixed mode"/>
    <property name="java.version" value="1.8.0_222-4-redhat"/>
    <property name="java.ext.dirs" value="C:\Program Files\Java\RH-OpenJDK-1.8.0.222\jre\lib\ext;C:\windows\Sun\Java\lib\ext"/>
    <property name="sun.boot.class.path" value="C:\Program Files\Java\RH-OpenJDK-1.8.0.222\jre\lib\resources.jar;C:\Program Files\Java\RH-OpenJDK-1.8.0.222\jre\lib\rt.jar;C:\Program Files\Java\RH-OpenJDK-1.8.0.222\jre\lib\sunrsasign.jar;C:\Program Files\Java\RH-OpenJDK-1.8.0.222\jre\lib\jsse.jar;C:\Program Files\Java\RH-OpenJDK-1.8.0.222\jre\lib\jce.jar;C:\Program Files\Java\RH-OpenJDK-1.8.0.222\jre\lib\charsets.jar;C:\Program Files\Java\RH-OpenJDK-1.8.0.222\jre\lib\jfr.jar;C:\Program Files\Java\RH-OpenJDK-1.8.0.222\jre\classes"/>
    <property name="java.vendor" value="Oracle Corporation"/>
    <property name="maven.home" value="C:\Program Files (x86)\JetBrains\IntelliJ IDEA 2019.3.4\plugins\maven\lib\maven3"/>
    <property name="file.separator" value="\"/>
    <property name="java.vendor.url.bug" value="http://bugreport.sun.com/bugreport/"/>
    <property name="sun.cpu.endian" value="little"/>
    <property name="sun.io.unicode.encoding" value="UnicodeLittle"/>
    <property name="sun.desktop" value="windows"/>
    <property name="sun.cpu.isalist" value="amd64"/>
  </properties>
  <testcase classname="vending.VendingMachineTest" name="testReset" time="0.017"/>
  <testcase classname="vending.VendingMachineTest" name="testNotSufficientChangeException" time="0"/>
  <testcase classname="vending.VendingMachineTest" name="testBuyItemWithMorePrice" time="0"/>
  <testcase classname="vending.VendingMachineTest" name="testBuyItemWithExactPrice" time="0"/>
  <testcase classname="vending.VendingMachineTest" name="testRefund" time="0"/>
  <testcase classname="vending.VendingMachineTest" name="testSoldOut" time="0"/>
</testsuite>